<?xml version="1.0" encoding="UTF-8"?>
<testsuite name="com.happyhotel.booking.Test00SanityCheck" tests="1" skipped="0" failures="0" errors="0" timestamp="2021-06-11T18:01:13" hostname="Waynes-MacBook-Pro-13.local" time="0.017">
  <properties/>
  <testcase name="test()" classname="com.happyhotel.booking.Test00SanityCheck" time="0.017"/>
  <system-out><![CDATA[]]></system-out>
  <system-err><![CDATA[]]></system-err>
</testsuite>
